{"timestamp":1525880628647, "thread": "5682@cloud83.cluster.lsd.di.uminho.pt", "type": "LOG", "message": "2018-05-09 16:43:48 INFO  QuorumPeerConfig:109 - Reading configuration from: /home/gsd/zookeeper-3.5.0-alpha/bin/../conf/zoo.cfg", "data":{"level": "INFO"}}
{"timestamp":1525880628677, "thread": "5682@cloud83.cluster.lsd.di.uminho.pt", "type": "LOG", "message": "2018-05-09 16:43:48 WARN  QuorumPeerConfig:445 - No server failure will be tolerated. You need at least 3 servers.", "data":{"level": "WARN"}}
{"timestamp":1525880628679, "thread": "5682@cloud83.cluster.lsd.di.uminho.pt", "type": "LOG", "message": "2018-05-09 16:43:48 INFO  DatadirCleanupManager:78 - autopurge.snapRetainCount set to 3", "data":{"level": "INFO"}}
{"timestamp":1525880628680, "thread": "5682@cloud83.cluster.lsd.di.uminho.pt", "type": "LOG", "message": "2018-05-09 16:43:48 INFO  DatadirCleanupManager:79 - autopurge.purgeInterval set to 0", "data":{"level": "INFO"}}
{"timestamp":1525880628680, "thread": "5682@cloud83.cluster.lsd.di.uminho.pt", "type": "LOG", "message": "2018-05-09 16:43:48 INFO  DatadirCleanupManager:101 - Purge task is not scheduled.", "data":{"level": "INFO"}}
{"timestamp":1525880628687, "thread": "5682@cloud83.cluster.lsd.di.uminho.pt", "type": "LOG", "message": "2018-05-09 16:43:48 INFO  QuorumPeerMain:136 - Starting quorum peer", "data":{"level": "INFO"}}
{"timestamp":1525880628693, "thread": "5682@cloud83.cluster.lsd.di.uminho.pt", "type": "LOG", "message": "2018-05-09 16:43:48 INFO  NIOServerCnxnFactory:670 - Configuring NIO connection handler with 10s sessionless connection timeout, 1 selector thread(s), 8 worker threads, and 64 kB direct buffers.", "data":{"level": "INFO"}}
{"timestamp":1525880628697, "thread": "5682@cloud83.cluster.lsd.di.uminho.pt", "type": "LOG", "message": "2018-05-09 16:43:48 INFO  NIOServerCnxnFactory:683 - binding to port 0.0.0.0/0.0.0.0:2181", "data":{"level": "INFO"}}
{"timestamp":1525880628717, "thread": "5682@cloud83.cluster.lsd.di.uminho.pt", "type": "LOG", "message": "2018-05-09 16:43:48 INFO  log:67 - Logging to org.slf4j.impl.Log4jLoggerAdapter(org.mortbay.log) via org.mortbay.log.Slf4jLog", "data":{"level": "INFO"}}
{"timestamp":1525880628740, "thread": "5682@cloud83.cluster.lsd.di.uminho.pt", "type": "LOG", "message": "2018-05-09 16:43:48 INFO  QuorumPeer:1205 - Local sessions disabled", "data":{"level": "INFO"}}
{"timestamp":1525880628740, "thread": "5682@cloud83.cluster.lsd.di.uminho.pt", "type": "LOG", "message": "2018-05-09 16:43:48 INFO  QuorumPeer:1216 - Local session upgrading disabled", "data":{"level": "INFO"}}
{"timestamp":1525880628741, "thread": "5682@cloud83.cluster.lsd.di.uminho.pt", "type": "LOG", "message": "2018-05-09 16:43:48 INFO  QuorumPeer:1185 - tickTime set to 2000", "data":{"level": "INFO"}}
{"timestamp":1525880628741, "thread": "5682@cloud83.cluster.lsd.di.uminho.pt", "type": "LOG", "message": "2018-05-09 16:43:48 INFO  QuorumPeer:1227 - minSessionTimeout set to 4000", "data":{"level": "INFO"}}
{"timestamp":1525880628741, "thread": "5682@cloud83.cluster.lsd.di.uminho.pt", "type": "LOG", "message": "2018-05-09 16:43:48 INFO  QuorumPeer:1238 - maxSessionTimeout set to 40000", "data":{"level": "INFO"}}
{"timestamp":1525880628741, "thread": "5682@cloud83.cluster.lsd.di.uminho.pt", "type": "LOG", "message": "2018-05-09 16:43:48 INFO  QuorumPeer:1253 - initLimit set to 10", "data":{"level": "INFO"}}
{"timestamp":1525880628756, "thread": "5682@cloud83.cluster.lsd.di.uminho.pt", "type": "LOG", "message": "2018-05-09 16:43:48 INFO  FileSnap:83 - Reading snapshot /home/gsd/zookeeper-3.5.0-alpha/data/version-2/snapshot.b00000004", "data":{"level": "INFO"}}
{"timestamp":1525880628767, "thread": "5682@cloud83.cluster.lsd.di.uminho.pt", "type": "LOG", "message": "2018-05-09 16:43:48 INFO  log:67 - jetty-6.1.26", "data":{"level": "INFO"}}
{"timestamp":1525880628784, "thread": "5682@cloud83.cluster.lsd.di.uminho.pt", "type": "LOG", "message": "2018-05-09 16:43:48 INFO  log:67 - Started SocketConnector@0.0.0.0:8080", "data":{"level": "INFO"}}
{"timestamp":1525880628786, "thread": "5682@cloud83.cluster.lsd.di.uminho.pt", "type": "LOG", "message": "2018-05-09 16:43:48 INFO  JettyAdminServer:93 - Started AdminServer on port 8080, command URL /commands", "data":{"level": "INFO"}}
{"timestamp":1525880628788, "thread": "5704@cloud83.cluster.lsd.di.uminho.pt", "type": "LOG", "message": "2018-05-09 16:43:48 INFO  QuorumCnxManager:550 - My election bind port: cloud83/192.168.112.83:3888", "data":{"level": "INFO"}}
{"timestamp":1525880628796, "thread": "5707@cloud83.cluster.lsd.di.uminho.pt", "type": "LOG", "message": "2018-05-09 16:43:48 INFO  QuorumPeer:913 - LOOKING", "data":{"level": "INFO"}}
{"timestamp":1525880628797, "thread": "5707@cloud83.cluster.lsd.di.uminho.pt", "type": "LOG", "message": "2018-05-09 16:43:48 INFO  FastLeaderElection:888 - New election. My id =  2, proposed zxid=0xc00000003", "data":{"level": "INFO"}}
{"timestamp":1525880628802, "thread": "5706@cloud83.cluster.lsd.di.uminho.pt", "type": "LOG", "message": "2018-05-09 16:43:48 INFO  FastLeaderElection:682 - Notification: 2 (message format version), 2 (n.leader), 0xc00000003 (n.zxid), 0x1 (n.round), LOOKING (n.state), 2 (n.sid), 0xc (n.peerEPoch), LOOKING (my state)100000000 (n.config version)", "data":{"level": "INFO"}}
{"timestamp":1525880628811, "thread": "5706@cloud83.cluster.lsd.di.uminho.pt", "type": "LOG", "message": "2018-05-09 16:43:48 INFO  FastLeaderElection:682 - Notification: 2 (message format version), 1 (n.leader), 0xc00000003 (n.zxid), 0x1 (n.round), LOOKING (n.state), 1 (n.sid), 0xc (n.peerEPoch), LOOKING (my state)100000000 (n.config version)", "data":{"level": "INFO"}}
{"timestamp":1525880628814, "thread": "5706@cloud83.cluster.lsd.di.uminho.pt", "type": "LOG", "message": "2018-05-09 16:43:48 INFO  FastLeaderElection:682 - Notification: 2 (message format version), 2 (n.leader), 0xc00000003 (n.zxid), 0x1 (n.round), LOOKING (n.state), 1 (n.sid), 0xc (n.peerEPoch), LOOKING (my state)100000000 (n.config version)", "data":{"level": "INFO"}}
{"timestamp":1525880629015, "thread": "5707@cloud83.cluster.lsd.di.uminho.pt", "type": "LOG", "message": "2018-05-09 16:43:49 INFO  MBeanRegistry:119 - Unregister MBean [org.apache.ZooKeeperService:name0=ReplicatedServer_id2,name1=replica.2,name2=LeaderElection]", "data":{"level": "INFO"}}
{"timestamp":1525880629015, "thread": "5707@cloud83.cluster.lsd.di.uminho.pt", "type": "LOG", "message": "2018-05-09 16:43:49 INFO  QuorumPeer:1001 - LEADING", "data":{"level": "INFO"}}
{"timestamp":1525880629019, "thread": "5707@cloud83.cluster.lsd.di.uminho.pt", "type": "LOG", "message": "2018-05-09 16:43:49 INFO  Leader:62 - TCP NoDelay set to: true", "data":{"level": "INFO"}}
{"timestamp":1525880629020, "thread": "5707@cloud83.cluster.lsd.di.uminho.pt", "type": "LOG", "message": "2018-05-09 16:43:49 INFO  Leader:82 - zookeeper.leader.maxConcurrentSnapshots = 10", "data":{"level": "INFO"}}
{"timestamp":1525880629020, "thread": "5707@cloud83.cluster.lsd.di.uminho.pt", "type": "LOG", "message": "2018-05-09 16:43:49 INFO  Leader:84 - zookeeper.leader.maxConcurrentSnapshotTimeout = 5", "data":{"level": "INFO"}}
{"timestamp":1525880629025, "thread": "5707@cloud83.cluster.lsd.di.uminho.pt", "type": "LOG", "message": "2018-05-09 16:43:49 INFO  ZooKeeperServer:109 - Server environment:zookeeper.version=3.5.0-alpha-1615249, built on 08/01/2014 22:13 GMT", "data":{"level": "INFO"}}
{"timestamp":1525880629026, "thread": "5707@cloud83.cluster.lsd.di.uminho.pt", "type": "LOG", "message": "2018-05-09 16:43:49 INFO  ZooKeeperServer:109 - Server environment:host.name=cloud83.cluster.lsd.di.uminho.pt", "data":{"level": "INFO"}}
{"timestamp":1525880629026, "thread": "5707@cloud83.cluster.lsd.di.uminho.pt", "type": "LOG", "message": "2018-05-09 16:43:49 INFO  ZooKeeperServer:109 - Server environment:java.version=1.8.0_161", "data":{"level": "INFO"}}
{"timestamp":1525880629026, "thread": "5707@cloud83.cluster.lsd.di.uminho.pt", "type": "LOG", "message": "2018-05-09 16:43:49 INFO  ZooKeeperServer:109 - Server environment:java.vendor=Oracle Corporation", "data":{"level": "INFO"}}
{"timestamp":1525880629026, "thread": "5707@cloud83.cluster.lsd.di.uminho.pt", "type": "LOG", "message": "2018-05-09 16:43:49 INFO  ZooKeeperServer:109 - Server environment:java.home=/usr/lib/jvm/java-8-oracle/jre", "data":{"level": "INFO"}}
{"timestamp":1525880629026, "thread": "5707@cloud83.cluster.lsd.di.uminho.pt", "type": "LOG", "message": "2018-05-09 16:43:49 INFO  ZooKeeperServer:109 - Server environment:java.class.path=/home/gsd/zookeeper-3.5.0-alpha/bin/../build/classes:/home/gsd/zookeeper-3.5.0-alpha/bin/../build/lib/*.jar:/home/gsd/zookeeper-3.5.0-alpha/bin/../lib/slf4j-log4j12-1.7.5.jar:/home/gsd/zookeeper-3.5.0-alpha/bin/../lib/slf4j-api-1.7.5.jar:/home/gsd/zookeeper-3.5.0-alpha/bin/../lib/servlet-api-2.5-20081211.jar:/home/gsd/zookeeper-3.5.0-alpha/bin/../lib/netty-3.7.0.Final.jar:/home/gsd/zookeeper-3.5.0-alpha/bin/../lib/log4j-appender-1.0-SNAPSHOT-jar-with-dependencies.jar:/home/gsd/zookeeper-3.5.0-alpha/bin/../lib/log4j-1.2.16.jar:/home/gsd/zookeeper-3.5.0-alpha/bin/../lib/jline-2.11.jar:/home/gsd/zookeeper-3.5.0-alpha/bin/../lib/jetty-util-6.1.26.jar:/home/gsd/zookeeper-3.5.0-alpha/bin/../lib/jetty-6.1.26.jar:/home/gsd/zookeeper-3.5.0-alpha/bin/../lib/javacc.jar:/home/gsd/zookeeper-3.5.0-alpha/bin/../lib/jackson-mapper-asl-1.9.11.jar:/home/gsd/zookeeper-3.5.0-alpha/bin/../lib/jackson-core-asl-1.9.11.jar:/home/gsd/zookeeper-3.5.0-alpha/bin/../lib/commons-cli-1.2.jar:/home/gsd/zookeeper-3.5.0-alpha/bin/../zookeeper-3.5.0-alpha.jar:/home/gsd/zookeeper-3.5.0-alpha/bin/../src/java/lib/*.jar:/home/gsd/zookeeper-3.5.0-alpha/bin/../conf:", "data":{"level": "INFO"}}
{"timestamp":1525880629026, "thread": "5707@cloud83.cluster.lsd.di.uminho.pt", "type": "LOG", "message": "2018-05-09 16:43:49 INFO  ZooKeeperServer:109 - Server environment:java.library.path=/usr/java/packages/lib/amd64:/usr/lib64:/lib64:/lib:/usr/lib", "data":{"level": "INFO"}}
{"timestamp":1525880629026, "thread": "5707@cloud83.cluster.lsd.di.uminho.pt", "type": "LOG", "message": "2018-05-09 16:43:49 INFO  ZooKeeperServer:109 - Server environment:java.io.tmpdir=/tmp", "data":{"level": "INFO"}}
{"timestamp":1525880629027, "thread": "5707@cloud83.cluster.lsd.di.uminho.pt", "type": "LOG", "message": "2018-05-09 16:43:49 INFO  ZooKeeperServer:109 - Server environment:java.compiler=<NA>", "data":{"level": "INFO"}}
{"timestamp":1525880629027, "thread": "5707@cloud83.cluster.lsd.di.uminho.pt", "type": "LOG", "message": "2018-05-09 16:43:49 INFO  ZooKeeperServer:109 - Server environment:os.name=Linux", "data":{"level": "INFO"}}
{"timestamp":1525880629027, "thread": "5707@cloud83.cluster.lsd.di.uminho.pt", "type": "LOG", "message": "2018-05-09 16:43:49 INFO  ZooKeeperServer:109 - Server environment:os.arch=amd64", "data":{"level": "INFO"}}
{"timestamp":1525880629027, "thread": "5707@cloud83.cluster.lsd.di.uminho.pt", "type": "LOG", "message": "2018-05-09 16:43:49 INFO  ZooKeeperServer:109 - Server environment:os.version=4.8.0-41-generic", "data":{"level": "INFO"}}
{"timestamp":1525880629027, "thread": "5707@cloud83.cluster.lsd.di.uminho.pt", "type": "LOG", "message": "2018-05-09 16:43:49 INFO  ZooKeeperServer:109 - Server environment:user.name=gsd", "data":{"level": "INFO"}}
{"timestamp":1525880629027, "thread": "5707@cloud83.cluster.lsd.di.uminho.pt", "type": "LOG", "message": "2018-05-09 16:43:49 INFO  ZooKeeperServer:109 - Server environment:user.home=/home/gsd", "data":{"level": "INFO"}}
{"timestamp":1525880629027, "thread": "5707@cloud83.cluster.lsd.di.uminho.pt", "type": "LOG", "message": "2018-05-09 16:43:49 INFO  ZooKeeperServer:109 - Server environment:user.dir=/home/gsd/zookeeper-3.5.0-alpha", "data":{"level": "INFO"}}
{"timestamp":1525880629027, "thread": "5707@cloud83.cluster.lsd.di.uminho.pt", "type": "LOG", "message": "2018-05-09 16:43:49 INFO  ZooKeeperServer:109 - Server environment:os.memory.free=95MB", "data":{"level": "INFO"}}
{"timestamp":1525880629027, "thread": "5707@cloud83.cluster.lsd.di.uminho.pt", "type": "LOG", "message": "2018-05-09 16:43:49 INFO  ZooKeeperServer:109 - Server environment:os.memory.max=889MB", "data":{"level": "INFO"}}
{"timestamp":1525880629028, "thread": "5707@cloud83.cluster.lsd.di.uminho.pt", "type": "LOG", "message": "2018-05-09 16:43:49 INFO  ZooKeeperServer:109 - Server environment:os.memory.total=119MB", "data":{"level": "INFO"}}
{"timestamp":1525880629028, "thread": "5707@cloud83.cluster.lsd.di.uminho.pt", "type": "LOG", "message": "2018-05-09 16:43:49 INFO  ZooKeeperServer:781 - minSessionTimeout set to 4000", "data":{"level": "INFO"}}
{"timestamp":1525880629028, "thread": "5707@cloud83.cluster.lsd.di.uminho.pt", "type": "LOG", "message": "2018-05-09 16:43:49 INFO  ZooKeeperServer:790 - maxSessionTimeout set to 40000", "data":{"level": "INFO"}}
{"timestamp":1525880629029, "thread": "5707@cloud83.cluster.lsd.di.uminho.pt", "type": "LOG", "message": "2018-05-09 16:43:49 INFO  ZooKeeperServer:152 - Created server with tickTime 2000 minSessionTimeout 4000 maxSessionTimeout 40000 datadir /home/gsd/zookeeper-3.5.0-alpha/data/version-2 snapdir /home/gsd/zookeeper-3.5.0-alpha/data/version-2", "data":{"level": "INFO"}}
{"timestamp":1525880629030, "thread": "5707@cloud83.cluster.lsd.di.uminho.pt", "type": "LOG", "message": "2018-05-09 16:43:49 INFO  Leader:409 - LEADING - LEADER ELECTION TOOK - 14", "data":{"level": "INFO"}}
{"timestamp":1525880629031, "thread": "5707@cloud83.cluster.lsd.di.uminho.pt", "type": "LOG", "message": "2018-05-09 16:43:49 INFO  FileTxnSnapLog:298 - Snapshotting: 0xc00000003 to /home/gsd/zookeeper-3.5.0-alpha/data/version-2/snapshot.c00000003", "data":{"level": "INFO"}}
{"timestamp":1525880629070, "thread": "5711@cloud83.cluster.lsd.di.uminho.pt", "type": "LOG", "message": "2018-05-09 16:43:49 INFO  LearnerHandler:361 - Follower sid: 1 : info : cloud78:2888:3888:participant", "data":{"level": "INFO"}}
{"timestamp":1525880629090, "thread": "5711@cloud83.cluster.lsd.di.uminho.pt", "type": "LOG", "message": "2018-05-09 16:43:49 INFO  LearnerHandler:659 - Synchronizing with Follower sid: 1 maxCommittedLog=0xc00000003 minCommittedLog=0xc00000001 lastProcessedZxid=0xc00000003 peerLastZxid=0xc00000003", "data":{"level": "INFO"}}
{"timestamp":1525880629090, "thread": "5711@cloud83.cluster.lsd.di.uminho.pt", "type": "LOG", "message": "2018-05-09 16:43:49 INFO  LearnerHandler:703 - Sending DIFF zxid=0xc00000003 for peer sid: 1", "data":{"level": "INFO"}}
{"timestamp":1525880629102, "thread": "5707@cloud83.cluster.lsd.di.uminho.pt", "type": "LOG", "message": "2018-05-09 16:43:49 INFO  Leader:1243 - Have quorum of supporters, sids: [ [1, 2] ]; starting up and setting last processed zxid: 0xd00000000", "data":{"level": "INFO"}}
{"timestamp":1525880629109, "thread": "5707@cloud83.cluster.lsd.di.uminho.pt", "type": "LOG", "message": "2018-05-09 16:43:49 INFO  CommitProcessor:253 - Configuring CommitProcessor with 4 worker threads.", "data":{"level": "INFO"}}
{"timestamp":1525880632894, "thread": "5700@cloud83.cluster.lsd.di.uminho.pt", "type": "LOG", "message": "2018-05-09 16:43:52 INFO  NIOServerCnxnFactory:296 - Accepted socket connection from /192.168.112.77:47002", "data":{"level": "INFO"}}
{"timestamp":1525880632906, "thread": "5717@cloud83.cluster.lsd.di.uminho.pt", "type": "LOG", "message": "2018-05-09 16:43:52 INFO  ZooKeeperServer:872 - Client attempting to establish new session at /192.168.112.77:47002", "data":{"level": "INFO"}}
{"timestamp":1525880632907, "thread": "5715@cloud83.cluster.lsd.di.uminho.pt", "type": "LOG", "message": "2018-05-09 16:43:52 INFO  FileTxnLog:200 - Creating new log file: log.d00000001", "data":{"level": "INFO"}}
{"timestamp":1525880632921, "thread": "5718@cloud83.cluster.lsd.di.uminho.pt", "type": "LOG", "message": "2018-05-09 16:43:52 INFO  ZooKeeperServer:619 - Established session 0x2634592a7700000 with negotiated timeout 5000 for client /192.168.112.77:47002", "data":{"level": "INFO"}}
{"timestamp":1525880633287, "thread": "5722@cloud83.cluster.lsd.di.uminho.pt", "type": "LOG", "message": "2018-05-09 16:43:53 WARN  NIOServerCnxn:368 - Unable to read additional data from client sessionid 0x2634592a7700000, likely client has closed socket", "data":{"level": "WARN"}}
{"timestamp":1525880633289, "thread": "5722@cloud83.cluster.lsd.di.uminho.pt", "type": "LOG", "message": "2018-05-09 16:43:53 INFO  MBeanRegistry:119 - Unregister MBean [org.apache.ZooKeeperService:name0=ReplicatedServer_id2,name1=replica.2,name2=Leader,name3=Connections,name4=192.168.112.77,name5=0x2634592a7700000]", "data":{"level": "INFO"}}
{"timestamp":1525880633290, "thread": "5722@cloud83.cluster.lsd.di.uminho.pt", "type": "LOG", "message": "2018-05-09 16:43:53 INFO  NIOServerCnxn:1006 - Closed socket connection for client /192.168.112.77:47002 which had sessionid 0x2634592a7700000", "data":{"level": "INFO"}}
{"timestamp":1525880636001, "thread": "5713@cloud83.cluster.lsd.di.uminho.pt", "type": "LOG", "message": "2018-05-09 16:43:56 INFO  ZooKeeperServer:349 - Expiring session 0x263458bfac40000, timeout of 5000ms exceeded", "data":{"level": "INFO"}}
{"timestamp":1525880636002, "thread": "5713@cloud83.cluster.lsd.di.uminho.pt", "type": "LOG", "message": "2018-05-09 16:43:56 INFO  ZooKeeperServer:132 - Submitting global closeSession request for session 0x263458bfac40000", "data":{"level": "INFO"}}
{"timestamp":1525880636003, "thread": "5716@cloud83.cluster.lsd.di.uminho.pt", "type": "LOG", "message": "2018-05-09 16:43:56 INFO  PrepRequestProcessor:676 - Processed session termination for sessionid: 0x263458bfac40000", "data":{"level": "INFO"}}
{"timestamp":1525880639247, "thread": "5711@cloud83.cluster.lsd.di.uminho.pt", "type": "LOG", "message": "2018-05-09 16:43:59 ERROR LearnerHandler:580 - Unexpected exception causing shutdown while sock still open", "data":{"level": "ERROR"}}
java.io.EOFException
	at java.io.DataInputStream.readInt(DataInputStream.java:392)
	at org.apache.jute.BinaryInputArchive.readInt(BinaryInputArchive.java:63)
	at org.apache.zookeeper.server.quorum.QuorumPacket.deserialize(QuorumPacket.java:83)
	at org.apache.jute.BinaryInputArchive.readRecord(BinaryInputArchive.java:103)
	at org.apache.zookeeper.server.quorum.LearnerHandler.run(LearnerHandler.java:493)
{"timestamp":1525880639248, "thread": "5709@cloud83.cluster.lsd.di.uminho.pt", "type": "LOG", "message": "2018-05-09 16:43:59 WARN  QuorumCnxManager:836 - Connection broken for id 1, my id = 2, error = ", "data":{"level": "WARN"}}
java.io.EOFException
	at java.io.DataInputStream.readInt(DataInputStream.java:392)
	at org.apache.zookeeper.server.quorum.QuorumCnxManager$RecvWorker.run(QuorumCnxManager.java:821)
{"timestamp":1525880639249, "thread": "5711@cloud83.cluster.lsd.di.uminho.pt", "type": "LOG", "message": "2018-05-09 16:43:59 WARN  LearnerHandler:595 - ******* GOODBYE /192.168.112.78:36622 ********", "data":{"level": "WARN"}}
{"timestamp":1525880639250, "thread": "5709@cloud83.cluster.lsd.di.uminho.pt", "type": "LOG", "message": "2018-05-09 16:43:59 WARN  QuorumCnxManager:839 - Interrupting SendWorker", "data":{"level": "WARN"}}
{"timestamp":1525880639251, "thread": "5708@cloud83.cluster.lsd.di.uminho.pt", "type": "LOG", "message": "2018-05-09 16:43:59 WARN  QuorumCnxManager:753 - Interrupted while waiting for message on queue", "data":{"level": "WARN"}}
java.lang.InterruptedException
	at java.util.concurrent.locks.AbstractQueuedSynchronizer$ConditionObject.reportInterruptAfterWait(AbstractQueuedSynchronizer.java:2014)
	at java.util.concurrent.locks.AbstractQueuedSynchronizer$ConditionObject.awaitNanos(AbstractQueuedSynchronizer.java:2088)
	at java.util.concurrent.ArrayBlockingQueue.poll(ArrayBlockingQueue.java:418)
	at org.apache.zookeeper.server.quorum.QuorumCnxManager.pollSendQueue(QuorumCnxManager.java:905)
	at org.apache.zookeeper.server.quorum.QuorumCnxManager.access$500(QuorumCnxManager.java:62)
	at org.apache.zookeeper.server.quorum.QuorumCnxManager$SendWorker.run(QuorumCnxManager.java:741)
{"timestamp":1525880639252, "thread": "5708@cloud83.cluster.lsd.di.uminho.pt", "type": "LOG", "message": "2018-05-09 16:43:59 WARN  QuorumCnxManager:762 - Send worker leaving thread  id 1 my id = 2", "data":{"level": "WARN"}}
{"timestamp":1525880640001, "thread": "5713@cloud83.cluster.lsd.di.uminho.pt", "type": "LOG", "message": "2018-05-09 16:44:00 INFO  ZooKeeperServer:349 - Expiring session 0x2634592a7700000, timeout of 5000ms exceeded", "data":{"level": "INFO"}}
{"timestamp":1525880640002, "thread": "5713@cloud83.cluster.lsd.di.uminho.pt", "type": "LOG", "message": "2018-05-09 16:44:00 INFO  ZooKeeperServer:132 - Submitting global closeSession request for session 0x2634592a7700000", "data":{"level": "INFO"}}
{"timestamp":1525880640002, "thread": "5716@cloud83.cluster.lsd.di.uminho.pt", "type": "LOG", "message": "2018-05-09 16:44:00 INFO  PrepRequestProcessor:676 - Processed session termination for sessionid: 0x2634592a7700000", "data":{"level": "INFO"}}
{"timestamp":1525880641120, "thread": "5707@cloud83.cluster.lsd.di.uminho.pt", "type": "LOG", "message": "2018-05-09 16:44:01 INFO  Leader:610 - Shutting down", "data":{"level": "INFO"}}
{"timestamp":1525880641121, "thread": "5707@cloud83.cluster.lsd.di.uminho.pt", "type": "LOG", "message": "2018-05-09 16:44:01 INFO  Leader:616 - Shutdown called", "data":{"level": "INFO"}}
java.lang.Exception: shutdown Leader! reason: Not sufficient followers synced, only synced with sids: [ [2] ]
	at org.apache.zookeeper.server.quorum.Leader.shutdown(Leader.java:616)
	at org.apache.zookeeper.server.quorum.Leader.lead(Leader.java:587)
	at org.apache.zookeeper.server.quorum.QuorumPeer.run(QuorumPeer.java:1004)
{"timestamp":1525880641122, "thread": "5707@cloud83.cluster.lsd.di.uminho.pt", "type": "LOG", "message": "2018-05-09 16:44:01 INFO  ZooKeeperServer:443 - shutting down", "data":{"level": "INFO"}}
{"timestamp":1525880641123, "thread": "5710@cloud83.cluster.lsd.di.uminho.pt", "type": "LOG", "message": "2018-05-09 16:44:01 INFO  Leader:371 - exception while shutting down acceptor: java.net.SocketException: Socket closed", "data":{"level": "INFO"}}
{"timestamp":1525880641124, "thread": "5707@cloud83.cluster.lsd.di.uminho.pt", "type": "LOG", "message": "2018-05-09 16:44:01 INFO  SessionTrackerImpl:231 - Shutting down", "data":{"level": "INFO"}}
{"timestamp":1525880641124, "thread": "5707@cloud83.cluster.lsd.di.uminho.pt", "type": "LOG", "message": "2018-05-09 16:44:01 INFO  LeaderRequestProcessor:77 - Shutting down", "data":{"level": "INFO"}}
{"timestamp":1525880641125, "thread": "5707@cloud83.cluster.lsd.di.uminho.pt", "type": "LOG", "message": "2018-05-09 16:44:01 INFO  PrepRequestProcessor:973 - Shutting down", "data":{"level": "INFO"}}
{"timestamp":1525880641125, "thread": "5707@cloud83.cluster.lsd.di.uminho.pt", "type": "LOG", "message": "2018-05-09 16:44:01 INFO  ProposalRequestProcessor:88 - Shutting down", "data":{"level": "INFO"}}
{"timestamp":1525880641126, "thread": "5716@cloud83.cluster.lsd.di.uminho.pt", "type": "LOG", "message": "2018-05-09 16:44:01 INFO  PrepRequestProcessor:155 - PrepRequestProcessor exited loop!", "data":{"level": "INFO"}}
{"timestamp":1525880641126, "thread": "5707@cloud83.cluster.lsd.di.uminho.pt", "type": "LOG", "message": "2018-05-09 16:44:01 INFO  CommitProcessor:357 - Shutting down", "data":{"level": "INFO"}}
{"timestamp":1525880641127, "thread": "5714@cloud83.cluster.lsd.di.uminho.pt", "type": "LOG", "message": "2018-05-09 16:44:01 INFO  CommitProcessor:192 - CommitProcessor exited loop!", "data":{"level": "INFO"}}
{"timestamp":1525880641128, "thread": "5707@cloud83.cluster.lsd.di.uminho.pt", "type": "LOG", "message": "2018-05-09 16:44:01 INFO  Leader:912 - Shutting down", "data":{"level": "INFO"}}
{"timestamp":1525880641129, "thread": "5707@cloud83.cluster.lsd.di.uminho.pt", "type": "LOG", "message": "2018-05-09 16:44:01 INFO  FinalRequestProcessor:476 - shutdown of request processor complete", "data":{"level": "INFO"}}
{"timestamp":1525880641129, "thread": "5707@cloud83.cluster.lsd.di.uminho.pt", "type": "LOG", "message": "2018-05-09 16:44:01 INFO  SyncRequestProcessor:191 - Shutting down", "data":{"level": "INFO"}}
{"timestamp":1525880641130, "thread": "5715@cloud83.cluster.lsd.di.uminho.pt", "type": "LOG", "message": "2018-05-09 16:44:01 INFO  SyncRequestProcessor:169 - SyncRequestProcessor exited!", "data":{"level": "INFO"}}
{"timestamp":1525880641130, "thread": "5707@cloud83.cluster.lsd.di.uminho.pt", "type": "LOG", "message": "2018-05-09 16:44:01 INFO  MBeanRegistry:119 - Unregister MBean [org.apache.ZooKeeperService:name0=ReplicatedServer_id2,name1=replica.2,name2=Leader,name3=InMemoryDataTree]", "data":{"level": "INFO"}}
{"timestamp":1525880641131, "thread": "5707@cloud83.cluster.lsd.di.uminho.pt", "type": "LOG", "message": "2018-05-09 16:44:01 INFO  MBeanRegistry:119 - Unregister MBean [org.apache.ZooKeeperService:name0=ReplicatedServer_id2,name1=replica.2,name2=Leader]", "data":{"level": "INFO"}}
{"timestamp":1525880641132, "thread": "5707@cloud83.cluster.lsd.di.uminho.pt", "type": "LOG", "message": "2018-05-09 16:44:01 WARN  QuorumPeer:1038 - PeerState set to LOOKING", "data":{"level": "WARN"}}
{"timestamp":1525880641132, "thread": "5707@cloud83.cluster.lsd.di.uminho.pt", "type": "LOG", "message": "2018-05-09 16:44:01 INFO  QuorumPeer:913 - LOOKING", "data":{"level": "INFO"}}
{"timestamp":1525880641135, "thread": "5707@cloud83.cluster.lsd.di.uminho.pt", "type": "LOG", "message": "2018-05-09 16:44:01 INFO  FileSnap:83 - Reading snapshot /home/gsd/zookeeper-3.5.0-alpha/data/version-2/snapshot.c00000003", "data":{"level": "INFO"}}
{"timestamp":1525880641139, "thread": "5707@cloud83.cluster.lsd.di.uminho.pt", "type": "LOG", "message": "2018-05-09 16:44:01 INFO  FastLeaderElection:888 - New election. My id =  2, proposed zxid=0xd00000005", "data":{"level": "INFO"}}
{"timestamp":1525880641141, "thread": "5705@cloud83.cluster.lsd.di.uminho.pt", "type": "LOG", "message": "2018-05-09 16:44:01 WARN  QuorumCnxManager:384 - Cannot open channel to 1 at election address cloud78/192.168.112.78:3888", "data":{"level": "WARN"}}
java.net.ConnectException: Connection refused (Connection refused)
	at java.net.PlainSocketImpl.socketConnect(Native Method)
	at java.net.AbstractPlainSocketImpl.doConnect(AbstractPlainSocketImpl.java:350)
	at java.net.AbstractPlainSocketImpl.connectToAddress(AbstractPlainSocketImpl.java:206)
	at java.net.AbstractPlainSocketImpl.connect(AbstractPlainSocketImpl.java:188)
	at java.net.SocksSocketImpl.connect(SocksSocketImpl.java:392)
	at java.net.Socket.connect(Socket.java:589)
	at org.apache.zookeeper.server.quorum.QuorumCnxManager.connectOne(QuorumCnxManager.java:369)
	at org.apache.zookeeper.server.quorum.QuorumCnxManager.connectOne(QuorumCnxManager.java:407)
	at org.apache.zookeeper.server.quorum.QuorumCnxManager.toSend(QuorumCnxManager.java:346)
	at org.apache.zookeeper.server.quorum.FastLeaderElection$Messenger$WorkerSender.process(FastLeaderElection.java:480)
	at org.apache.zookeeper.server.quorum.FastLeaderElection$Messenger$WorkerSender.run(FastLeaderElection.java:459)
	at java.lang.Thread.run(Thread.java:748)
{"timestamp":1525880641142, "thread": "5706@cloud83.cluster.lsd.di.uminho.pt", "type": "LOG", "message": "2018-05-09 16:44:01 INFO  FastLeaderElection:682 - Notification: 2 (message format version), 2 (n.leader), 0xd00000005 (n.zxid), 0x2 (n.round), LOOKING (n.state), 2 (n.sid), 0xd (n.peerEPoch), LOOKING (my state)100000000 (n.config version)", "data":{"level": "INFO"}}
{"timestamp":1525880641344, "thread": "5707@cloud83.cluster.lsd.di.uminho.pt", "type": "LOG", "message": "2018-05-09 16:44:01 WARN  QuorumCnxManager:384 - Cannot open channel to 1 at election address cloud78/192.168.112.78:3888", "data":{"level": "WARN"}}
java.net.ConnectException: Connection refused (Connection refused)
	at java.net.PlainSocketImpl.socketConnect(Native Method)
	at java.net.AbstractPlainSocketImpl.doConnect(AbstractPlainSocketImpl.java:350)
	at java.net.AbstractPlainSocketImpl.connectToAddress(AbstractPlainSocketImpl.java:206)
	at java.net.AbstractPlainSocketImpl.connect(AbstractPlainSocketImpl.java:188)
	at java.net.SocksSocketImpl.connect(SocksSocketImpl.java:392)
	at java.net.Socket.connect(Socket.java:589)
	at org.apache.zookeeper.server.quorum.QuorumCnxManager.connectOne(QuorumCnxManager.java:369)
	at org.apache.zookeeper.server.quorum.QuorumCnxManager.connectOne(QuorumCnxManager.java:407)
	at org.apache.zookeeper.server.quorum.QuorumCnxManager.connectAll(QuorumCnxManager.java:435)
	at org.apache.zookeeper.server.quorum.FastLeaderElection.lookForLeader(FastLeaderElection.java:913)
	at org.apache.zookeeper.server.quorum.QuorumPeer.run(QuorumPeer.java:967)
{"timestamp":1525880641345, "thread": "5707@cloud83.cluster.lsd.di.uminho.pt", "type": "LOG", "message": "2018-05-09 16:44:01 INFO  FastLeaderElection:922 - Notification time out: 400", "data":{"level": "INFO"}}
{"timestamp":1525880641747, "thread": "5707@cloud83.cluster.lsd.di.uminho.pt", "type": "LOG", "message": "2018-05-09 16:44:01 WARN  QuorumCnxManager:384 - Cannot open channel to 1 at election address cloud78/192.168.112.78:3888", "data":{"level": "WARN"}}
java.net.ConnectException: Connection refused (Connection refused)
	at java.net.PlainSocketImpl.socketConnect(Native Method)
	at java.net.AbstractPlainSocketImpl.doConnect(AbstractPlainSocketImpl.java:350)
	at java.net.AbstractPlainSocketImpl.connectToAddress(AbstractPlainSocketImpl.java:206)
	at java.net.AbstractPlainSocketImpl.connect(AbstractPlainSocketImpl.java:188)
	at java.net.SocksSocketImpl.connect(SocksSocketImpl.java:392)
	at java.net.Socket.connect(Socket.java:589)
	at org.apache.zookeeper.server.quorum.QuorumCnxManager.connectOne(QuorumCnxManager.java:369)
	at org.apache.zookeeper.server.quorum.QuorumCnxManager.connectOne(QuorumCnxManager.java:407)
	at org.apache.zookeeper.server.quorum.QuorumCnxManager.connectAll(QuorumCnxManager.java:435)
	at org.apache.zookeeper.server.quorum.FastLeaderElection.lookForLeader(FastLeaderElection.java:913)
	at org.apache.zookeeper.server.quorum.QuorumPeer.run(QuorumPeer.java:967)
{"timestamp":1525880641747, "thread": "5707@cloud83.cluster.lsd.di.uminho.pt", "type": "LOG", "message": "2018-05-09 16:44:01 INFO  FastLeaderElection:922 - Notification time out: 800", "data":{"level": "INFO"}}
