{"timestamp":1525880632782, "thread": "29922@cloud77.cluster.lsd.di.uminho.pt", "type": "LOG", "message": "2018-05-09 16:43:52 INFO  ZooKeeper:109 - Client environment:zookeeper.version=3.5.0-alpha-1615249, built on 08/01/2014 22:13 GMT", "data":{"level": "INFO"}}
{"timestamp":1525880632866, "thread": "29922@cloud77.cluster.lsd.di.uminho.pt", "type": "LOG", "message": "2018-05-09 16:43:52 INFO  ZooKeeper:109 - Client environment:host.name=cloud77.cluster.lsd.di.uminho.pt", "data":{"level": "INFO"}}
{"timestamp":1525880632866, "thread": "29922@cloud77.cluster.lsd.di.uminho.pt", "type": "LOG", "message": "2018-05-09 16:43:52 INFO  ZooKeeper:109 - Client environment:java.version=1.8.0_171", "data":{"level": "INFO"}}
{"timestamp":1525880632866, "thread": "29922@cloud77.cluster.lsd.di.uminho.pt", "type": "LOG", "message": "2018-05-09 16:43:52 INFO  ZooKeeper:109 - Client environment:java.vendor=Oracle Corporation", "data":{"level": "INFO"}}
{"timestamp":1525880632866, "thread": "29922@cloud77.cluster.lsd.di.uminho.pt", "type": "LOG", "message": "2018-05-09 16:43:52 INFO  ZooKeeper:109 - Client environment:java.home=/usr/lib/jvm/java-8-oracle/jre", "data":{"level": "INFO"}}
{"timestamp":1525880632867, "thread": "29922@cloud77.cluster.lsd.di.uminho.pt", "type": "LOG", "message": "2018-05-09 16:43:52 INFO  ZooKeeper:109 - Client environment:java.class.path=target/zookeeperTutorial-1.0-SNAPSHOT-jar-with-dependencies.jar", "data":{"level": "INFO"}}
{"timestamp":1525880632867, "thread": "29922@cloud77.cluster.lsd.di.uminho.pt", "type": "LOG", "message": "2018-05-09 16:43:52 INFO  ZooKeeper:109 - Client environment:java.library.path=/usr/java/packages/lib/amd64:/usr/lib64:/lib64:/lib:/usr/lib", "data":{"level": "INFO"}}
{"timestamp":1525880632867, "thread": "29922@cloud77.cluster.lsd.di.uminho.pt", "type": "LOG", "message": "2018-05-09 16:43:52 INFO  ZooKeeper:109 - Client environment:java.io.tmpdir=/tmp", "data":{"level": "INFO"}}
{"timestamp":1525880632867, "thread": "29922@cloud77.cluster.lsd.di.uminho.pt", "type": "LOG", "message": "2018-05-09 16:43:52 INFO  ZooKeeper:109 - Client environment:java.compiler=<NA>", "data":{"level": "INFO"}}
{"timestamp":1525880632868, "thread": "29922@cloud77.cluster.lsd.di.uminho.pt", "type": "LOG", "message": "2018-05-09 16:43:52 INFO  ZooKeeper:109 - Client environment:os.name=Linux", "data":{"level": "INFO"}}
{"timestamp":1525880632868, "thread": "29922@cloud77.cluster.lsd.di.uminho.pt", "type": "LOG", "message": "2018-05-09 16:43:52 INFO  ZooKeeper:109 - Client environment:os.arch=amd64", "data":{"level": "INFO"}}
{"timestamp":1525880632868, "thread": "29922@cloud77.cluster.lsd.di.uminho.pt", "type": "LOG", "message": "2018-05-09 16:43:52 INFO  ZooKeeper:109 - Client environment:os.version=4.9.92-040992-generic", "data":{"level": "INFO"}}
{"timestamp":1525880632868, "thread": "29922@cloud77.cluster.lsd.di.uminho.pt", "type": "LOG", "message": "2018-05-09 16:43:52 INFO  ZooKeeper:109 - Client environment:user.name=gsd", "data":{"level": "INFO"}}
{"timestamp":1525880632868, "thread": "29922@cloud77.cluster.lsd.di.uminho.pt", "type": "LOG", "message": "2018-05-09 16:43:52 INFO  ZooKeeper:109 - Client environment:user.home=/home/gsd", "data":{"level": "INFO"}}
{"timestamp":1525880632868, "thread": "29922@cloud77.cluster.lsd.di.uminho.pt", "type": "LOG", "message": "2018-05-09 16:43:52 INFO  ZooKeeper:109 - Client environment:user.dir=/home/gsd/zookeeperTutorial", "data":{"level": "INFO"}}
{"timestamp":1525880632870, "thread": "29922@cloud77.cluster.lsd.di.uminho.pt", "type": "LOG", "message": "2018-05-09 16:43:52 INFO  ZooKeeper:109 - Client environment:os.memory.free=114MB", "data":{"level": "INFO"}}
{"timestamp":1525880632870, "thread": "29922@cloud77.cluster.lsd.di.uminho.pt", "type": "LOG", "message": "2018-05-09 16:43:52 INFO  ZooKeeper:109 - Client environment:os.memory.max=1758MB", "data":{"level": "INFO"}}
{"timestamp":1525880632871, "thread": "29922@cloud77.cluster.lsd.di.uminho.pt", "type": "LOG", "message": "2018-05-09 16:43:52 INFO  ZooKeeper:109 - Client environment:os.memory.total=119MB", "data":{"level": "INFO"}}
{"timestamp":1525880632871, "thread": "29922@cloud77.cluster.lsd.di.uminho.pt", "type": "LOG", "message": "2018-05-09 16:43:52 INFO  ZooKeeper:709 - Initiating client connection, connectString=cloud83 sessionTimeout=5000 watcher=zktutorial.ZooKeeperConnection$1@65049764", "data":{"level": "INFO"}}
{"timestamp":1525880632889, "thread": "29925@cloud77.cluster.lsd.di.uminho.pt", "type": "LOG", "message": "2018-05-09 16:43:52 INFO  ClientCnxn:1093 - Opening socket connection to server cloud83/192.168.112.83:2181. Will not attempt to authenticate using SASL (unknown error)", "data":{"level": "INFO"}}
{"timestamp":1525880632892, "thread": "29925@cloud77.cluster.lsd.di.uminho.pt", "type": "LOG", "message": "2018-05-09 16:43:52 INFO  ClientCnxn:963 - Socket connection established to cloud83/192.168.112.83:2181, initiating session", "data":{"level": "INFO"}}
{"timestamp":1525880632925, "thread": "29925@cloud77.cluster.lsd.di.uminho.pt", "type": "LOG", "message": "2018-05-09 16:43:52 INFO  ClientCnxn:1346 - Session establishment complete on server cloud83/192.168.112.83:2181, sessionid = 0x2634592a7700000, negotiated timeout = 5000", "data":{"level": "INFO"}}
